SF:lib\tools\crypto_and_encodings\numeral_words\_common\logic\numeral_words.dart
DA:91,1
DA:99,1
DA:106,0
DA:112,0
DA:113,0
DA:119,0
DA:120,0
DA:123,3
DA:136,3
DA:149,3
DA:162,3
DA:201,3
DA:240,3
DA:252,3
DA:290,3
DA:327,3
DA:363,3
DA:398,3
DA:437,3
DA:477,3
DA:516,3
DA:548,3
DA:588,3
DA:629,3
DA:669,3
DA:682,3
DA:722,3
DA:770,3
DA:822,3
DA:869,3
DA:916,3
DA:957,3
DA:994,3
DA:1028,3
DA:1041,3
DA:1080,3
DA:1123,3
DA:1166,3
DA:1218,3
DA:1317,3
DA:1360,3
DA:1401,3
DA:1414,3
DA:1426,3
DA:1439,3
DA:1451,3
DA:1477,3
DA:1516,3
DA:1557,3
DA:1570,3
DA:1612,3
DA:1653,3
DA:1665,3
DA:1708,3
DA:1750,3
DA:1764,3
DA:1777,3
DA:1834,3
DA:1872,3
DA:1911,3
DA:1951,3
DA:1964,3
DA:1998,3
DA:2032,3
DA:2047,3
DA:2060,3
DA:2092,3
DA:2117,3
DA:2131,3
DA:2162,3
DA:2201,0
DA:2215,0
DA:2237,0
DA:2238,0
DA:2239,0
DA:2240,0
DA:2241,0
DA:2242,0
DA:2245,3
DA:2311,0
DA:2319,3
DA:2320,1
DA:2321,1
DA:2322,1
DA:2323,1
DA:2324,1
DA:2325,1
DA:2326,1
DA:2327,1
DA:2328,1
DA:2329,1
DA:2330,1
DA:2331,1
DA:2332,1
DA:2333,1
DA:2334,1
DA:2335,1
DA:2336,1
DA:2337,1
DA:2338,1
DA:2339,1
DA:2340,1
DA:2341,1
DA:2342,1
DA:2343,1
DA:2344,1
DA:2345,1
DA:2346,1
DA:2347,1
DA:2348,1
DA:2349,1
DA:2350,1
DA:2351,1
DA:2352,1
DA:2353,1
DA:2354,1
DA:2355,1
DA:2356,1
DA:2357,1
DA:2358,1
DA:2359,1
DA:2360,1
DA:2361,1
DA:2362,1
DA:2363,1
DA:2364,1
DA:2365,1
DA:2366,1
DA:2367,1
DA:2368,1
DA:2369,1
DA:2370,1
DA:2371,1
DA:2372,1
DA:2373,1
DA:2374,1
DA:2375,1
DA:2376,1
DA:2377,1
DA:2378,1
DA:2379,1
DA:2380,1
DA:2381,1
DA:2382,1
DA:2385,0
DA:2386,0
DA:2391,0
DA:2394,0
DA:2399,0
DA:2404,0
DA:2412,0
DA:2415,0
DA:2420,0
DA:2425,1
DA:2428,1
DA:2429,1
DA:2430,0
DA:2434,1
DA:2435,2
DA:2448,2
DA:2452,1
DA:2453,1
DA:2454,1
DA:2455,1
DA:2456,1
DA:2457,1
DA:2458,1
DA:2459,1
DA:2460,1
DA:2464,1
DA:2465,1
DA:2466,0
DA:2467,0
DA:2474,1
DA:2476,1
DA:2477,2
DA:2478,2
DA:2485,1
DA:2486,1
DA:2487,2
DA:2488,2
DA:2494,1
DA:2496,1
DA:2497,0
DA:2498,0
DA:2504,1
DA:2505,0
DA:2506,1
DA:2507,0
DA:2513,1
DA:2514,1
DA:2515,0
DA:2516,0
DA:2522,1
DA:2523,1
DA:2524,0
DA:2525,0
DA:2533,1
DA:2534,1
DA:2535,0
DA:2536,0
DA:2543,1
DA:2545,1
DA:2546,0
DA:2547,0
DA:2553,1
DA:2554,1
DA:2555,0
DA:2556,0
DA:2563,1
DA:2565,1
DA:2566,0
DA:2567,0
DA:2574,1
DA:2576,1
DA:2577,0
DA:2578,0
DA:2585,1
DA:2587,1
DA:2588,0
DA:2589,0
DA:2596,1
DA:2598,1
DA:2599,0
DA:2600,0
DA:2608,1
DA:2609,1
DA:2610,1
DA:2611,1
DA:2612,1
DA:2613,1
DA:2614,1
DA:2615,1
DA:2616,1
DA:2617,1
DA:2618,1
DA:2619,1
DA:2620,1
DA:2621,1
DA:2622,1
DA:2623,1
DA:2624,1
DA:2625,1
DA:2626,1
DA:2627,1
DA:2628,1
DA:2629,1
DA:2630,1
DA:2633,1
DA:2634,1
DA:2636,3
DA:2639,1
DA:2640,2
DA:2641,3
DA:2643,1
DA:2647,0
DA:2648,0
DA:2649,0
DA:2651,0
DA:2655,3
DA:2657,2
DA:2658,2
DA:2660,1
DA:2661,1
DA:2662,0
DA:2663,1
DA:2664,0
DA:2665,1
DA:2666,0
DA:2668,0
DA:2669,1
DA:2670,0
DA:2672,0
DA:2673,1
DA:2674,1
DA:2675,2
DA:2676,4
DA:2677,1
DA:2678,0
DA:2679,0
DA:2680,1
DA:2682,0
DA:2685,2
DA:2686,1
DA:2687,1
DA:2689,4
DA:2692,3
DA:2695,1
DA:2696,1
DA:2697,0
DA:2708,2
DA:2709,1
DA:2710,1
DA:2711,1
DA:2712,1
DA:2713,1
DA:2714,1
DA:2715,1
DA:2716,1
DA:2717,1
DA:2718,1
DA:2719,1
DA:2720,1
DA:2721,1
DA:2722,1
DA:2723,1
DA:2724,1
DA:2725,1
DA:2726,1
DA:2727,1
DA:2728,1
DA:2729,1
DA:2730,1
DA:2731,1
DA:2732,1
DA:2733,1
DA:2734,1
DA:2735,1
DA:2736,1
DA:2737,1
DA:2738,1
DA:2739,1
DA:2740,1
DA:2741,1
DA:2742,1
DA:2743,1
DA:2744,1
DA:2745,1
DA:2746,3
DA:2747,1
DA:2748,1
DA:2752,3
DA:2755,2
DA:2757,1
DA:2758,3
DA:2760,2
DA:2763,1
DA:2766,1
DA:2768,5
DA:2770,1
DA:2771,1
DA:2773,2
DA:2775,1
DA:2776,1
DA:2778,2
DA:2779,5
DA:2781,2
DA:2789,0
DA:2790,0
DA:2792,0
DA:2801,0
DA:2802,0
DA:2804,0
DA:2805,0
DA:2806,0
DA:2810,0
DA:2812,0
DA:2815,0
DA:2816,0
DA:2817,0
DA:2818,0
DA:2820,0
DA:2823,0
DA:2824,0
DA:2825,0
DA:2826,0
DA:2828,0
DA:2830,0
DA:2831,0
DA:2832,0
DA:2834,0
DA:2836,0
DA:2837,0
DA:2838,0
DA:2840,0
DA:2841,0
DA:2842,0
DA:2846,0
DA:2847,0
DA:2849,0
DA:2852,0
DA:2856,0
DA:2859,0
DA:2860,0
DA:2861,0
DA:2862,0
DA:2863,0
DA:2864,0
DA:2865,0
DA:2866,0
DA:2867,0
DA:2868,0
DA:2870,0
DA:2874,1
DA:2875,5
DA:2878,1
DA:2879,1
DA:2880,6
DA:2881,4
DA:2883,1
DA:2884,3
DA:2885,1
DA:2886,1
DA:2887,2
DA:2888,1
DA:2890,1
DA:2891,1
DA:2892,1
DA:2893,1
DA:2894,1
DA:2895,1
DA:2896,1
DA:2897,1
DA:2898,1
DA:2899,1
DA:2900,1
DA:2901,1
DA:2902,1
DA:2903,1
DA:2904,1
DA:2905,1
DA:2909,0
DA:2911,0
DA:2912,0
DA:2914,0
DA:2917,1
DA:2918,1
DA:2919,1
DA:2921,3
DA:2922,5
DA:2924,1
DA:2927,0
DA:2932,0
DA:2935,0
DA:2936,0
DA:2937,0
DA:2938,0
DA:2939,0
DA:2940,0
DA:2941,0
DA:2942,0
DA:2943,0
DA:2944,0
DA:2945,0
DA:2946,0
DA:2947,0
DA:2948,0
DA:2949,0
DA:2952,0
DA:2953,0
DA:2954,0
DA:2955,0
DA:2956,0
DA:2957,0
DA:2958,0
DA:2959,0
DA:2961,0
DA:2962,0
DA:2964,0
DA:2965,0
DA:2967,0
DA:2968,0
DA:2970,0
DA:2971,0
DA:2973,0
DA:2974,0
DA:2976,0
DA:2977,0
DA:2979,0
DA:2986,0
DA:2987,0
DA:2988,0
DA:2989,0
DA:2990,0
DA:2991,0
DA:2992,0
DA:2993,0
DA:2994,0
DA:2995,0
DA:2996,0
DA:2997,0
DA:2998,0
DA:2999,0
DA:3000,0
DA:3001,0
DA:3002,0
DA:3003,0
DA:3004,0
DA:3005,0
DA:3006,0
DA:3007,0
DA:3008,0
DA:3009,0
DA:3010,0
DA:3011,0
DA:3012,0
DA:3013,0
DA:3016,0
DA:3020,0
DA:3021,0
DA:3022,0
DA:3023,0
DA:3024,0
DA:3025,0
DA:3026,0
DA:3027,0
DA:3028,0
DA:3029,0
DA:3030,0
DA:3031,0
DA:3032,0
DA:3033,0
DA:3034,0
DA:3035,0
DA:3036,0
DA:3037,0
DA:3038,0
DA:3039,0
DA:3040,0
DA:3041,0
DA:3042,0
DA:3043,0
DA:3044,0
DA:3045,0
DA:3046,0
DA:3047,0
DA:3050,0
DA:3054,0
DA:3055,0
DA:3056,0
DA:3057,0
DA:3058,0
DA:3059,0
DA:3060,0
DA:3061,0
DA:3062,0
DA:3063,0
DA:3064,0
DA:3065,0
DA:3066,0
DA:3067,0
DA:3068,0
DA:3069,0
DA:3070,0
DA:3071,0
DA:3072,0
DA:3073,0
DA:3074,0
DA:3075,0
DA:3076,0
DA:3077,0
DA:3078,0
DA:3079,0
DA:3080,0
DA:3081,0
DA:3084,0
DA:3088,0
DA:3089,0
DA:3090,0
DA:3091,0
DA:3092,0
DA:3093,0
DA:3094,0
DA:3095,0
DA:3096,0
DA:3097,0
DA:3098,0
DA:3099,0
DA:3100,0
DA:3101,0
DA:3102,0
DA:3103,0
DA:3104,0
DA:3105,0
DA:3106,0
DA:3107,0
DA:3108,0
DA:3111,0
DA:3114,0
DA:3117,0
DA:3118,0
DA:3119,0
DA:3121,0
DA:3122,0
DA:3124,0
DA:3125,0
DA:3126,0
DA:3128,0
DA:3132,0
DA:3134,0
DA:3136,0
DA:3137,0
DA:3140,0
DA:3143,0
DA:3144,0
DA:3145,0
DA:3147,0
DA:3149,0
DA:3150,0
DA:3151,0
DA:3153,0
DA:3154,0
DA:3158,0
DA:3159,0
DA:3160,0
DA:3163,0
DA:3166,0
DA:3169,0
DA:3171,0
DA:3173,0
DA:3174,0
DA:3175,0
DA:3176,0
DA:3177,0
DA:3179,0
DA:3180,0
DA:3182,0
DA:3183,0
DA:3185,0
DA:3186,0
DA:3188,0
DA:3189,0
DA:3191,0
DA:3192,0
DA:3194,0
DA:3195,0
DA:3197,0
DA:3198,0
DA:3200,0
DA:3201,0
DA:3203,0
DA:3204,0
DA:3208,0
DA:3209,0
DA:3211,0
DA:3212,0
DA:3214,0
DA:3215,0
DA:3217,0
DA:3218,0
DA:3220,0
DA:3221,0
DA:3223,0
DA:3224,0
DA:3226,0
DA:3227,0
DA:3229,0
DA:3230,0
DA:3233,0
DA:3234,0
DA:3236,0
DA:3237,0
DA:3240,0
DA:3242,0
DA:3243,0
DA:3245,0
DA:3246,0
DA:3247,0
DA:3249,0
DA:3250,0
DA:3251,0
DA:3253,0
DA:3254,0
DA:3255,0
DA:3257,0
DA:3258,0
DA:3261,0
DA:3264,0
DA:3266,0
DA:3269,0
DA:3272,0
DA:3275,0
DA:3278,0
DA:3281,0
DA:3284,0
DA:3287,0
DA:3292,0
DA:3293,0
DA:3294,0
DA:3296,0
DA:3298,0
DA:3301,0
DA:3304,0
DA:3307,0
DA:3310,0
DA:3313,0
DA:3316,0
DA:3319,0
DA:3323,0
DA:3325,0
DA:3326,0
DA:3328,0
DA:3329,0
DA:3331,0
DA:3332,0
DA:3334,0
DA:3335,0
DA:3337,0
DA:3338,0
DA:3340,0
DA:3341,0
DA:3343,0
DA:3344,0
DA:3346,0
DA:3347,0
DA:3350,0
DA:3352,0
DA:3353,0
DA:3355,0
DA:3356,0
DA:3358,0
DA:3359,0
DA:3361,0
DA:3362,0
DA:3364,0
DA:3365,0
DA:3367,0
DA:3368,0
DA:3370,0
DA:3371,0
DA:3373,0
DA:3374,0
DA:3377,0
DA:3378,0
DA:3380,0
DA:3381,0
DA:3383,0
DA:3384,0
DA:3386,0
DA:3387,0
DA:3389,0
DA:3390,0
DA:3392,0
DA:3393,0
DA:3395,0
DA:3396,0
DA:3398,0
DA:3399,0
DA:3401,0
DA:3402,0
DA:3406,0
DA:3408,0
DA:3409,0
DA:3411,0
DA:3412,0
DA:3414,0
DA:3415,0
DA:3417,0
DA:3418,0
DA:3420,0
DA:3421,0
DA:3423,0
DA:3424,0
DA:3426,0
DA:3427,0
DA:3429,0
DA:3430,0
DA:3434,0
DA:3436,0
DA:3437,0
DA:3439,0
DA:3440,0
DA:3442,0
DA:3443,0
DA:3445,0
DA:3446,0
DA:3448,0
DA:3449,0
DA:3451,0
DA:3452,0
DA:3454,0
DA:3455,0
DA:3457,0
DA:3458,0
DA:3462,0
DA:3464,0
DA:3465,0
DA:3466,0
DA:3467,0
DA:3468,0
DA:3469,0
DA:3470,0
DA:3471,0
DA:3476,0
DA:3477,0
DA:3482,0
DA:3484,0
DA:3485,0
DA:3488,0
DA:3489,0
DA:3490,0
DA:3493,0
DA:3494,0
DA:3495,0
DA:3496,0
DA:3499,0
DA:3500,0
DA:3501,0
DA:3502,0
DA:3503,0
DA:3506,0
DA:3508,0
DA:3509,0
DA:3510,0
DA:3512,0
DA:3513,0
DA:3514,0
DA:3515,0
DA:3516,0
DA:3517,0
DA:3518,0
DA:3521,0
DA:3522,0
DA:3523,0
DA:3524,0
DA:3526,0
DA:3527,0
DA:3528,0
DA:3529,0
DA:3531,0
DA:3532,0
DA:3533,0
DA:3537,0
DA:3538,0
DA:3539,0
DA:3541,0
DA:3542,0
DA:3543,0
DA:3545,0
DA:3546,0
DA:3547,0
DA:3548,0
DA:3552,0
DA:3553,0
DA:3554,0
DA:3559,0
DA:3561,0
DA:3562,0
DA:3563,0
DA:3564,0
DA:3565,0
DA:3566,0
DA:3567,0
DA:3568,0
DA:3571,1
DA:3572,1
DA:3574,1
DA:3575,1
DA:3576,1
DA:3577,1
DA:3578,1
DA:3579,1
DA:3580,1
DA:3581,1
DA:3582,1
DA:3583,1
DA:3584,1
DA:3585,1
DA:3586,1
DA:3587,1
DA:3588,1
DA:3589,1
DA:3590,1
DA:3591,1
DA:3592,2
DA:3599,1
DA:3600,1
DA:3601,4
DA:3607,1
DA:3608,2
DA:3610,1
DA:3611,1
DA:3612,1
DA:3613,1
DA:3614,1
DA:3615,1
DA:3616,1
DA:3617,1
DA:3618,1
DA:3619,1
DA:3620,1
DA:3621,1
DA:3622,1
DA:3623,1
DA:3624,1
DA:3625,1
DA:3626,1
DA:3627,1
DA:3628,1
DA:3629,1
DA:3630,1
DA:3631,1
DA:3632,1
DA:3633,1
DA:3634,1
DA:3635,1
DA:3636,1
DA:3637,1
DA:3638,1
DA:3639,1
DA:3640,1
DA:3641,1
DA:3642,1
DA:3643,1
DA:3644,1
DA:3645,1
DA:3646,1
DA:3647,1
DA:3648,1
DA:3649,1
DA:3650,1
DA:3651,1
DA:3652,1
DA:3653,1
DA:3654,1
DA:3655,1
DA:3656,1
DA:3657,1
DA:3658,1
DA:3659,1
DA:3660,1
DA:3662,1
DA:3665,1
DA:3666,1
DA:3669,1
DA:3678,1
DA:3679,1
DA:3680,1
DA:3681,1
DA:3682,1
DA:3684,1
DA:3687,1
DA:3690,1
DA:3693,1
DA:3694,1
DA:3699,1
DA:3701,0
DA:3702,0
DA:3703,0
DA:3704,0
DA:3706,0
DA:3709,0
DA:3710,0
DA:3712,0
DA:3715,0
DA:3717,0
DA:3718,0
DA:3719,0
DA:3722,0
DA:3723,0
DA:3725,0
DA:3729,1
DA:3730,1
DA:3732,0
DA:3738,2
DA:3741,1
DA:3747,1
DA:3750,1
DA:3751,1
DA:3753,0
DA:3754,0
DA:3757,0
DA:3759,0
DA:3760,0
DA:3762,1
DA:3763,1
DA:3765,1
DA:3767,0
DA:3768,0
DA:3769,0
DA:3770,0
DA:3772,1
DA:3773,1
DA:3774,1
DA:3776,0
DA:3777,0
DA:3778,0
DA:3779,0
DA:3781,1
DA:3782,1
DA:3783,1
DA:3785,0
DA:3786,0
DA:3787,0
DA:3788,0
DA:3790,1
DA:3791,1
DA:3793,1
DA:3795,0
DA:3796,0
DA:3797,0
DA:3798,0
DA:3800,0
DA:3803,0
DA:3804,0
DA:3808,2
DA:3811,1
DA:3815,1
DA:3816,1
DA:3818,0
DA:3820,1
DA:3821,1
DA:3823,0
DA:3826,2
DA:3829,1
DA:3835,1
DA:3839,1
DA:3840,1
DA:3841,1
DA:3842,1
DA:3843,1
DA:3845,1
DA:3848,1
DA:3851,1
DA:3854,1
DA:3857,1
DA:3862,1
DA:3864,0
DA:3865,0
DA:3866,0
DA:3868,0
DA:3871,0
DA:3873,0
DA:3874,0
DA:3875,0
DA:3877,0
DA:3880,0
DA:3881,0
DA:3883,0
DA:3886,0
DA:3888,0
DA:3889,0
DA:3890,0
DA:3893,0
DA:3894,0
DA:3896,0
DA:3900,1
DA:3901,1
DA:3903,0
DA:3909,2
DA:3912,1
DA:3916,1
DA:3917,1
DA:3918,0
DA:3925,2
DA:3926,2
DA:3931,2
DA:3934,0
DA:3935,0
DA:3937,0
DA:3938,0
DA:3939,0
DA:3940,0
DA:3941,0
DA:3942,0
DA:3943,0
DA:3944,0
DA:3945,0
DA:3946,0
DA:3947,0
DA:3948,0
DA:3949,0
DA:3950,0
DA:3951,0
DA:3952,0
DA:3953,0
DA:3954,0
DA:3955,0
DA:3956,0
DA:3957,0
DA:3958,0
DA:3959,0
DA:3960,0
DA:3961,0
DA:3962,0
DA:3963,0
DA:3965,0
DA:3970,1
DA:3971,1
DA:3972,5
DA:3982,0
DA:3983,0
DA:3984,0
DA:3985,0
LF:1084
LH:462
end_of_record
SF:lib\utils\string_utils.dart
DA:6,0
DA:7,0
DA:11,0
DA:13,0
DA:15,0
DA:17,0
DA:20,1
DA:21,3
DA:22,2
DA:25,2
DA:29,2
DA:32,2
DA:33,1
DA:34,1
DA:37,1
DA:40,1
DA:47,1
DA:48,1
DA:51,1
DA:52,1
DA:53,1
DA:56,0
DA:57,0
DA:60,0
DA:61,0
DA:63,0
DA:65,0
DA:68,0
DA:69,0
DA:72,0
DA:73,0
DA:77,0
DA:78,0
DA:79,0
DA:83,0
DA:84,0
DA:90,0
DA:91,0
DA:92,0
DA:93,0
DA:95,0
DA:98,0
DA:99,0
DA:102,0
DA:103,0
DA:106,0
DA:107,0
DA:110,0
DA:111,0
DA:113,0
DA:114,0
DA:117,0
DA:118,0
DA:120,0
DA:123,0
DA:124,0
DA:126,0
DA:129,0
DA:130,0
DA:134,0
DA:135,0
DA:138,0
DA:139,0
DA:143,0
DA:151,0
DA:152,0
DA:158,0
DA:159,0
DA:160,0
DA:161,0
DA:163,0
LF:71
LH:15
end_of_record
SF:lib\tools\science_and_technology\numeral_bases\logic\numeral_bases.dart
DA:8,0
DA:9,0
DA:11,0
DA:13,0
DA:15,0
DA:16,0
DA:22,0
DA:23,0
DA:27,0
DA:31,0
DA:33,0
DA:34,0
DA:38,0
DA:40,0
DA:42,0
DA:46,0
DA:50,0
DA:52,0
DA:53,0
DA:54,0
DA:58,0
DA:61,0
DA:62,0
DA:63,0
DA:67,0
DA:70,0
DA:74,0
DA:75,0
DA:76,0
DA:81,0
DA:82,0
DA:83,0
DA:87,0
DA:89,0
DA:90,0
DA:92,0
DA:93,0
DA:99,0
DA:102,0
DA:103,0
DA:105,0
DA:109,0
DA:110,0
DA:113,0
DA:116,0
DA:117,0
DA:120,0
DA:121,0
DA:122,0
DA:123,0
DA:125,0
DA:126,0
DA:127,0
DA:129,0
DA:130,0
DA:132,0
DA:133,0
DA:134,0
DA:135,0
DA:136,0
DA:137,0
DA:140,0
DA:142,0
DA:143,0
DA:144,0
DA:145,0
DA:147,0
DA:148,0
DA:149,0
DA:150,0
DA:151,0
DA:152,0
DA:155,0
DA:156,0
DA:159,0
DA:160,0
DA:165,0
DA:166,0
DA:167,0
DA:172,0
DA:173,0
DA:174,0
DA:177,0
DA:180,0
DA:181,0
DA:182,0
DA:183,0
DA:186,0
DA:189,0
DA:190,0
DA:191,0
DA:194,0
DA:195,0
DA:196,0
DA:198,0
DA:202,0
DA:203,0
DA:204,0
DA:207,0
DA:208,0
DA:214,0
DA:215,0
DA:219,0
DA:220,0
DA:222,0
DA:223,0
DA:225,0
DA:226,0
DA:227,0
DA:230,0
DA:233,0
DA:236,0
DA:237,0
DA:238,0
DA:242,0
DA:244,0
DA:245,0
DA:246,0
DA:248,0
DA:249,0
DA:258,0
DA:259,0
DA:260,0
DA:266,0
DA:267,0
DA:268,0
DA:269,0
DA:270,0
LF:128
LH:0
end_of_record
SF:lib\utils\collection_utils.dart
DA:6,0
DA:7,0
DA:9,0
DA:10,0
DA:12,0
DA:15,0
DA:16,0
DA:18,0
DA:20,0
DA:23,0
DA:24,0
DA:27,0
DA:29,0
DA:31,0
DA:41,0
DA:43,0
DA:44,0
DA:45,0
DA:46,0
DA:47,0
DA:48,0
DA:51,0
DA:52,0
DA:57,0
DA:60,0
DA:61,0
DA:63,0
DA:65,0
DA:66,0
DA:68,0
DA:69,0
DA:72,0
LF:32
LH:0
end_of_record
SF:lib\tools\crypto_and_encodings\abaddon\logic\abaddon.dart
DA:5,0
DA:6,0
DA:7,0
DA:9,0
DA:10,0
DA:11,0
DA:12,0
DA:13,0
DA:14,0
DA:15,0
DA:16,0
DA:17,0
DA:18,0
DA:19,0
DA:20,0
DA:21,0
DA:22,0
DA:23,0
DA:24,0
DA:25,0
DA:26,0
DA:27,0
DA:28,0
DA:29,0
DA:30,0
DA:31,0
DA:32,0
DA:33,0
DA:34,0
DA:35,0
DA:36,0
DA:37,0
DA:39,0
DA:40,0
DA:42,0
DA:43,0
DA:44,0
DA:45,0
DA:46,0
DA:47,0
DA:49,0
DA:54,0
DA:55,0
DA:57,0
DA:59,0
DA:60,0
DA:62,0
DA:63,0
DA:64,0
DA:65,0
DA:66,0
DA:67,0
LF:52
LH:0
end_of_record
SF:lib\tools\crypto_and_encodings\substitution\logic\substitution.dart
DA:3,0
DA:4,0
DA:7,0
DA:10,0
DA:12,0
DA:15,0
DA:16,0
DA:17,0
DA:20,0
DA:22,0
DA:26,0
DA:27,0
DA:28,0
DA:30,0
DA:32,0
DA:35,0
DA:40,0
DA:42,0
DA:43,0
DA:44,0
DA:46,0
DA:48,0
DA:54,0
DA:55,0
DA:56,0
DA:57,0
DA:62,0
DA:63,0
LF:28
LH:0
end_of_record
SF:lib\utils\alphabets.dart
DA:4,0
DA:34,0
DA:35,0
DA:115,1
DA:118,0
DA:121,0
DA:123,0
DA:128,0
DA:129,0
DA:130,0
DA:131,0
DA:134,0
DA:139,0
DA:140,0
DA:141,0
DA:142,0
DA:145,0
DA:150,0
DA:151,0
DA:152,0
DA:153,0
DA:156,0
DA:161,0
DA:164,0
DA:169,0
DA:170,0
DA:171,0
DA:172,0
DA:173,0
DA:174,0
DA:175,0
DA:176,0
DA:177,0
DA:178,0
DA:179,0
DA:180,0
DA:181,0
DA:182,0
DA:183,0
DA:184,0
DA:187,0
DA:192,0
DA:193,0
DA:194,0
DA:195,0
DA:196,0
DA:197,0
DA:198,0
DA:199,0
DA:200,0
DA:201,0
DA:202,0
DA:203,0
DA:204,0
DA:205,0
DA:206,0
DA:207,0
DA:210,0
DA:214,0
DA:219,0
DA:222,0
DA:227,0
DA:229,0
DA:231,0
DA:233,0
DA:235,0
DA:237,0
DA:239,0
DA:241,0
DA:243,0
DA:244,0
DA:247,0
DA:248,0
DA:249,0
DA:250,0
DA:251,0
DA:252,0
DA:253,0
DA:254,0
DA:255,0
DA:256,0
DA:257,0
DA:258,0
DA:259,0
DA:260,0
DA:261,0
DA:262,0
DA:263,0
DA:264,0
DA:265,0
DA:266,0
DA:267,0
DA:268,0
DA:269,0
DA:270,0
DA:271,0
DA:308,0
DA:309,0
DA:310,0
DA:311,0
DA:312,0
DA:313,0
DA:314,0
DA:315,0
DA:316,0
DA:317,0
DA:318,0
DA:319,0
DA:320,0
DA:321,0
DA:322,0
DA:323,0
DA:324,0
DA:325,0
DA:326,0
DA:327,0
DA:328,0
DA:329,0
DA:330,0
DA:331,0
DA:332,0
DA:333,0
DA:334,0
DA:335,0
DA:336,0
DA:337,0
DA:338,0
DA:339,0
DA:340,0
DA:341,0
DA:344,0
DA:345,0
DA:346,0
DA:347,0
DA:348,0
DA:349,0
DA:350,0
DA:351,0
DA:352,0
DA:353,0
DA:354,0
DA:355,0
DA:357,0
DA:360,0
DA:388,0
DA:416,0
DA:445,0
DA:480,0
DA:514,0
DA:540,0
DA:574,0
DA:575,0
DA:576,0
DA:577,0
DA:578,0
DA:579,0
DA:580,0
DA:581,0
DA:583,0
LF:159
LH:1
end_of_record
SF:lib\utils\constants.dart
DA:7,0
DA:9,0
DA:10,0
DA:11,0
DA:17,0
LF:5
LH:0
end_of_record
SF:lib\utils\complex_return_types.dart
DA:5,0
DA:12,0
DA:19,0
DA:26,0
DA:32,0
DA:33,0
DA:40,0
DA:47,0
LF:8
LH:0
end_of_record
